17:43:32 ERROR No bot token provided
17:43:32 INFO Shutting down bot...
17:43:32 IMPORTANT Goodbye! :)
17:43:32 INFO 
17:44:05 ERROR No bot token provided
17:44:05 INFO Shutting down bot...
17:44:05 IMPORTANT Goodbye! :)
17:44:05 INFO 
17:44:18 INFO Bot Logged in Successfully
17:51:41 INFO Shutting down bot...
17:51:41 IMPORTANT Goodbye! :)
17:51:41 INFO 
17:52:15 INFO Shutting down bot...
17:52:15 IMPORTANT Goodbye! :)
17:52:15 INFO 
17:53:21 INFO Bot Logged in Successfully
17:54:05 IMPORTANT Synced slash commands
18:07:37 INFO Bot Logged in Successfully
18:12:04 INFO Bot Logged in Successfully
18:13:37 INFO Shutting down bot...
18:13:37 IMPORTANT Goodbye! :)
18:13:37 INFO 
18:13:41 INFO Bot Logged in Successfully
18:15:55 INFO Shutting down bot...
18:15:55 IMPORTANT Goodbye! :)
18:15:55 INFO 
18:15:59 INFO Bot Logged in Successfully
18:16:17 INFO Shutting down bot...
18:16:17 IMPORTANT Goodbye! :)
18:16:17 INFO 
18:16:21 INFO Bot Logged in Successfully
18:17:38 INFO Shutting down bot...
18:17:38 IMPORTANT Goodbye! :)
18:17:38 INFO 
18:17:59 INFO Bot Logged in Successfully
18:18:05 INFO Night Started
18:25:33 INFO Shutting down bot...
18:25:33 IMPORTANT Goodbye! :)
18:25:33 INFO 
